<?xml version="1.0" encoding="UTF-8"?>
<!-- Generated by org.testng.reporters.JUnitReportReporter -->
<testsuite hostname="DESKTOP-JCLJIG3" failures="0" tests="1" name="script.HomeScript" time="10.043" errors="0" timestamp="2024-08-04T01:02:56 IST" skipped="0">
  <testcase classname="script.HomeScript" name="dragSlider" time="10.043"/>
</testsuite> <!-- script.HomeScript -->
